  main.cpp
c:\users\dt user8\desktop\projekatračunarskagrafika\magičnisvijet\magičnisvijet\main.cpp(17): warning C4305: 'initializing': truncation from 'double' to 'GLfloat'
c:\users\dt user8\desktop\projekatračunarskagrafika\magičnisvijet\magičnisvijet\main.cpp(23): warning C4244: 'argument': conversion from 'double' to 'GLfloat', possible loss of data
c:\users\dt user8\desktop\projekatračunarskagrafika\magičnisvijet\magičnisvijet\main.cpp(22): warning C4244: 'argument': conversion from 'double' to 'GLfloat', possible loss of data
c:\users\dt user8\desktop\projekatračunarskagrafika\magičnisvijet\magičnisvijet\main.cpp(60): warning C4305: 'argument': truncation from 'double' to 'float'
c:\users\dt user8\desktop\projekatračunarskagrafika\magičnisvijet\magičnisvijet\main.cpp(62): warning C4305: 'argument': truncation from 'double' to 'float'
c:\users\dt user8\desktop\projekatračunarskagrafika\magičnisvijet\magičnisvijet\main.cpp(67): warning C4305: 'argument': truncation from 'double' to 'GLfloat'
c:\users\dt user8\desktop\projekatračunarskagrafika\magičnisvijet\magičnisvijet\main.cpp(69): warning C4305: 'argument': truncation from 'double' to 'GLfloat'
c:\users\dt user8\desktop\projekatračunarskagrafika\magičnisvijet\magičnisvijet\main.cpp(70): warning C4305: 'argument': truncation from 'double' to 'GLfloat'
c:\users\dt user8\desktop\projekatračunarskagrafika\magičnisvijet\magičnisvijet\main.cpp(76): warning C4305: 'argument': truncation from 'double' to 'GLfloat'
c:\users\dt user8\desktop\projekatračunarskagrafika\magičnisvijet\magičnisvijet\main.cpp(77): warning C4305: 'argument': truncation from 'double' to 'GLfloat'
c:\users\dt user8\desktop\projekatračunarskagrafika\magičnisvijet\magičnisvijet\main.cpp(78): warning C4305: 'argument': truncation from 'double' to 'GLfloat'
c:\users\dt user8\desktop\projekatračunarskagrafika\magičnisvijet\magičnisvijet\main.cpp(79): warning C4305: 'argument': truncation from 'double' to 'GLfloat'
c:\users\dt user8\desktop\projekatračunarskagrafika\magičnisvijet\magičnisvijet\main.cpp(80): warning C4305: 'argument': truncation from 'double' to 'GLfloat'
c:\users\dt user8\desktop\projekatračunarskagrafika\magičnisvijet\magičnisvijet\main.cpp(81): warning C4305: 'argument': truncation from 'double' to 'GLfloat'
c:\users\dt user8\desktop\projekatračunarskagrafika\magičnisvijet\magičnisvijet\main.cpp(82): warning C4305: 'argument': truncation from 'double' to 'GLfloat'
c:\users\dt user8\desktop\projekatračunarskagrafika\magičnisvijet\magičnisvijet\main.cpp(83): warning C4305: 'argument': truncation from 'double' to 'GLfloat'
c:\users\dt user8\desktop\projekatračunarskagrafika\magičnisvijet\magičnisvijet\main.cpp(84): warning C4305: 'argument': truncation from 'double' to 'GLfloat'
c:\users\dt user8\desktop\projekatračunarskagrafika\magičnisvijet\magičnisvijet\main.cpp(90): warning C4305: 'argument': truncation from 'double' to 'GLfloat'
c:\users\dt user8\desktop\projekatračunarskagrafika\magičnisvijet\magičnisvijet\main.cpp(92): warning C4305: 'argument': truncation from 'double' to 'GLfloat'
c:\users\dt user8\desktop\projekatračunarskagrafika\magičnisvijet\magičnisvijet\main.cpp(94): warning C4305: 'argument': truncation from 'double' to 'GLfloat'
c:\users\dt user8\desktop\projekatračunarskagrafika\magičnisvijet\magičnisvijet\main.cpp(95): warning C4305: 'argument': truncation from 'double' to 'GLfloat'
c:\users\dt user8\desktop\projekatračunarskagrafika\magičnisvijet\magičnisvijet\main.cpp(96): warning C4305: 'argument': truncation from 'double' to 'GLfloat'
c:\users\dt user8\desktop\projekatračunarskagrafika\magičnisvijet\magičnisvijet\main.cpp(100): warning C4305: 'argument': truncation from 'double' to 'GLfloat'
c:\users\dt user8\desktop\projekatračunarskagrafika\magičnisvijet\magičnisvijet\main.cpp(101): warning C4305: 'argument': truncation from 'double' to 'GLfloat'
c:\users\dt user8\desktop\projekatračunarskagrafika\magičnisvijet\magičnisvijet\main.cpp(102): warning C4305: 'argument': truncation from 'double' to 'GLfloat'
c:\users\dt user8\desktop\projekatračunarskagrafika\magičnisvijet\magičnisvijet\main.cpp(104): warning C4305: 'argument': truncation from 'double' to 'GLfloat'
c:\users\dt user8\desktop\projekatračunarskagrafika\magičnisvijet\magičnisvijet\main.cpp(105): warning C4305: 'argument': truncation from 'double' to 'GLfloat'
c:\users\dt user8\desktop\projekatračunarskagrafika\magičnisvijet\magičnisvijet\main.cpp(106): warning C4305: 'argument': truncation from 'double' to 'GLfloat'
c:\users\dt user8\desktop\projekatračunarskagrafika\magičnisvijet\magičnisvijet\main.cpp(110): warning C4305: 'argument': truncation from 'double' to 'GLfloat'
c:\users\dt user8\desktop\projekatračunarskagrafika\magičnisvijet\magičnisvijet\main.cpp(111): warning C4305: 'argument': truncation from 'double' to 'GLfloat'
c:\users\dt user8\desktop\projekatračunarskagrafika\magičnisvijet\magičnisvijet\main.cpp(112): warning C4305: 'argument': truncation from 'double' to 'GLfloat'
c:\users\dt user8\desktop\projekatračunarskagrafika\magičnisvijet\magičnisvijet\main.cpp(114): warning C4305: 'argument': truncation from 'double' to 'GLfloat'
c:\users\dt user8\desktop\projekatračunarskagrafika\magičnisvijet\magičnisvijet\main.cpp(115): warning C4305: 'argument': truncation from 'double' to 'GLfloat'
c:\users\dt user8\desktop\projekatračunarskagrafika\magičnisvijet\magičnisvijet\main.cpp(116): warning C4305: 'argument': truncation from 'double' to 'GLfloat'
c:\users\dt user8\desktop\projekatračunarskagrafika\magičnisvijet\magičnisvijet\main.cpp(120): warning C4305: 'argument': truncation from 'double' to 'GLfloat'
c:\users\dt user8\desktop\projekatračunarskagrafika\magičnisvijet\magičnisvijet\main.cpp(121): warning C4305: 'argument': truncation from 'double' to 'GLfloat'
c:\users\dt user8\desktop\projekatračunarskagrafika\magičnisvijet\magičnisvijet\main.cpp(122): warning C4305: 'argument': truncation from 'double' to 'GLfloat'
c:\users\dt user8\desktop\projekatračunarskagrafika\magičnisvijet\magičnisvijet\main.cpp(124): warning C4305: 'argument': truncation from 'double' to 'GLfloat'
c:\users\dt user8\desktop\projekatračunarskagrafika\magičnisvijet\magičnisvijet\main.cpp(126): warning C4305: 'argument': truncation from 'double' to 'GLfloat'
c:\users\dt user8\desktop\projekatračunarskagrafika\magičnisvijet\magičnisvijet\main.cpp(135): warning C4305: 'argument': truncation from 'double' to 'GLfloat'
c:\users\dt user8\desktop\projekatračunarskagrafika\magičnisvijet\magičnisvijet\main.cpp(144): warning C4305: 'argument': truncation from 'double' to 'GLfloat'
c:\users\dt user8\desktop\projekatračunarskagrafika\magičnisvijet\magičnisvijet\main.cpp(153): warning C4305: 'argument': truncation from 'double' to 'GLfloat'
c:\users\dt user8\desktop\projekatračunarskagrafika\magičnisvijet\magičnisvijet\main.cpp(161): warning C4305: 'argument': truncation from 'double' to 'GLfloat'
c:\users\dt user8\desktop\projekatračunarskagrafika\magičnisvijet\magičnisvijet\main.cpp(252): warning C4305: 'argument': truncation from 'double' to 'GLfloat'
c:\users\dt user8\desktop\projekatračunarskagrafika\magičnisvijet\magičnisvijet\main.cpp(253): warning C4305: 'argument': truncation from 'double' to 'GLfloat'
c:\users\dt user8\desktop\projekatračunarskagrafika\magičnisvijet\magičnisvijet\main.cpp(254): warning C4305: 'argument': truncation from 'double' to 'GLfloat'
c:\users\dt user8\desktop\projekatračunarskagrafika\magičnisvijet\magičnisvijet\main.cpp(255): warning C4305: 'argument': truncation from 'double' to 'GLfloat'
c:\users\dt user8\desktop\projekatračunarskagrafika\magičnisvijet\magičnisvijet\main.cpp(258): warning C4305: 'argument': truncation from 'double' to 'GLfloat'
c:\users\dt user8\desktop\projekatračunarskagrafika\magičnisvijet\magičnisvijet\main.cpp(261): warning C4305: 'argument': truncation from 'double' to 'GLfloat'
c:\users\dt user8\desktop\projekatračunarskagrafika\magičnisvijet\magičnisvijet\main.cpp(264): warning C4305: 'argument': truncation from 'double' to 'GLfloat'
c:\users\dt user8\desktop\projekatračunarskagrafika\magičnisvijet\magičnisvijet\main.cpp(265): warning C4305: 'argument': truncation from 'double' to 'GLfloat'
c:\users\dt user8\desktop\projekatračunarskagrafika\magičnisvijet\magičnisvijet\main.cpp(266): warning C4305: 'argument': truncation from 'double' to 'GLfloat'
c:\users\dt user8\desktop\projekatračunarskagrafika\magičnisvijet\magičnisvijet\main.cpp(267): warning C4305: 'argument': truncation from 'double' to 'GLfloat'
c:\users\dt user8\desktop\projekatračunarskagrafika\magičnisvijet\magičnisvijet\main.cpp(268): warning C4305: 'argument': truncation from 'double' to 'GLfloat'
c:\users\dt user8\desktop\projekatračunarskagrafika\magičnisvijet\magičnisvijet\main.cpp(270): warning C4305: 'argument': truncation from 'double' to 'GLfloat'
c:\users\dt user8\desktop\projekatračunarskagrafika\magičnisvijet\magičnisvijet\main.cpp(272): warning C4305: 'argument': truncation from 'double' to 'GLfloat'
c:\users\dt user8\desktop\projekatračunarskagrafika\magičnisvijet\magičnisvijet\main.cpp(278): warning C4305: 'argument': truncation from 'double' to 'GLfloat'
c:\users\dt user8\desktop\projekatračunarskagrafika\magičnisvijet\magičnisvijet\main.cpp(279): warning C4305: 'argument': truncation from 'double' to 'GLfloat'
c:\users\dt user8\desktop\projekatračunarskagrafika\magičnisvijet\magičnisvijet\main.cpp(280): warning C4305: 'argument': truncation from 'double' to 'GLfloat'
c:\users\dt user8\desktop\projekatračunarskagrafika\magičnisvijet\magičnisvijet\main.cpp(281): warning C4305: 'argument': truncation from 'double' to 'GLfloat'
c:\users\dt user8\desktop\projekatračunarskagrafika\magičnisvijet\magičnisvijet\main.cpp(283): warning C4305: 'argument': truncation from 'double' to 'GLfloat'
c:\users\dt user8\desktop\projekatračunarskagrafika\magičnisvijet\magičnisvijet\main.cpp(289): warning C4305: 'argument': truncation from 'double' to 'GLfloat'
c:\users\dt user8\desktop\projekatračunarskagrafika\magičnisvijet\magičnisvijet\main.cpp(290): warning C4305: 'argument': truncation from 'double' to 'GLfloat'
c:\users\dt user8\desktop\projekatračunarskagrafika\magičnisvijet\magičnisvijet\main.cpp(291): warning C4305: 'argument': truncation from 'double' to 'GLfloat'
c:\users\dt user8\desktop\projekatračunarskagrafika\magičnisvijet\magičnisvijet\main.cpp(292): warning C4305: 'argument': truncation from 'double' to 'GLfloat'
c:\users\dt user8\desktop\projekatračunarskagrafika\magičnisvijet\magičnisvijet\main.cpp(294): warning C4305: 'argument': truncation from 'double' to 'GLfloat'
c:\users\dt user8\desktop\projekatračunarskagrafika\magičnisvijet\magičnisvijet\main.cpp(300): warning C4305: 'argument': truncation from 'double' to 'GLfloat'
c:\users\dt user8\desktop\projekatračunarskagrafika\magičnisvijet\magičnisvijet\main.cpp(301): warning C4305: 'argument': truncation from 'double' to 'GLfloat'
c:\users\dt user8\desktop\projekatračunarskagrafika\magičnisvijet\magičnisvijet\main.cpp(302): warning C4305: 'argument': truncation from 'double' to 'GLfloat'
c:\users\dt user8\desktop\projekatračunarskagrafika\magičnisvijet\magičnisvijet\main.cpp(303): warning C4305: 'argument': truncation from 'double' to 'GLfloat'
c:\users\dt user8\desktop\projekatračunarskagrafika\magičnisvijet\magičnisvijet\main.cpp(305): warning C4305: 'argument': truncation from 'double' to 'GLfloat'
c:\users\dt user8\desktop\projekatračunarskagrafika\magičnisvijet\magičnisvijet\main.cpp(311): warning C4305: 'argument': truncation from 'double' to 'GLfloat'
c:\users\dt user8\desktop\projekatračunarskagrafika\magičnisvijet\magičnisvijet\main.cpp(312): warning C4305: 'argument': truncation from 'double' to 'GLfloat'
c:\users\dt user8\desktop\projekatračunarskagrafika\magičnisvijet\magičnisvijet\main.cpp(313): warning C4305: 'argument': truncation from 'double' to 'GLfloat'
c:\users\dt user8\desktop\projekatračunarskagrafika\magičnisvijet\magičnisvijet\main.cpp(314): warning C4305: 'argument': truncation from 'double' to 'GLfloat'
c:\users\dt user8\desktop\projekatračunarskagrafika\magičnisvijet\magičnisvijet\main.cpp(316): warning C4305: 'argument': truncation from 'double' to 'GLfloat'
c:\users\dt user8\desktop\projekatračunarskagrafika\magičnisvijet\magičnisvijet\main.cpp(322): warning C4305: 'argument': truncation from 'double' to 'GLfloat'
c:\users\dt user8\desktop\projekatračunarskagrafika\magičnisvijet\magičnisvijet\main.cpp(323): warning C4305: 'argument': truncation from 'double' to 'GLfloat'
c:\users\dt user8\desktop\projekatračunarskagrafika\magičnisvijet\magičnisvijet\main.cpp(324): warning C4305: 'argument': truncation from 'double' to 'GLfloat'
c:\users\dt user8\desktop\projekatračunarskagrafika\magičnisvijet\magičnisvijet\main.cpp(325): warning C4305: 'argument': truncation from 'double' to 'GLfloat'
c:\users\dt user8\desktop\projekatračunarskagrafika\magičnisvijet\magičnisvijet\main.cpp(327): warning C4305: 'argument': truncation from 'double' to 'GLfloat'
c:\users\dt user8\desktop\projekatračunarskagrafika\magičnisvijet\magičnisvijet\main.cpp(332): warning C4305: 'argument': truncation from 'double' to 'GLfloat'
c:\users\dt user8\desktop\projekatračunarskagrafika\magičnisvijet\magičnisvijet\main.cpp(333): warning C4305: 'argument': truncation from 'double' to 'GLfloat'
c:\users\dt user8\desktop\projekatračunarskagrafika\magičnisvijet\magičnisvijet\main.cpp(334): warning C4305: 'argument': truncation from 'double' to 'GLfloat'
c:\users\dt user8\desktop\projekatračunarskagrafika\magičnisvijet\magičnisvijet\main.cpp(335): warning C4305: 'argument': truncation from 'double' to 'GLfloat'
c:\users\dt user8\desktop\projekatračunarskagrafika\magičnisvijet\magičnisvijet\main.cpp(337): warning C4305: 'argument': truncation from 'double' to 'GLfloat'
c:\users\dt user8\desktop\projekatračunarskagrafika\magičnisvijet\magičnisvijet\main.cpp(342): warning C4305: 'argument': truncation from 'double' to 'GLfloat'
c:\users\dt user8\desktop\projekatračunarskagrafika\magičnisvijet\magičnisvijet\main.cpp(343): warning C4305: 'argument': truncation from 'double' to 'GLfloat'
c:\users\dt user8\desktop\projekatračunarskagrafika\magičnisvijet\magičnisvijet\main.cpp(344): warning C4305: 'argument': truncation from 'double' to 'GLfloat'
c:\users\dt user8\desktop\projekatračunarskagrafika\magičnisvijet\magičnisvijet\main.cpp(345): warning C4305: 'argument': truncation from 'double' to 'GLfloat'
c:\users\dt user8\desktop\projekatračunarskagrafika\magičnisvijet\magičnisvijet\main.cpp(347): warning C4305: 'argument': truncation from 'double' to 'GLfloat'
c:\users\dt user8\desktop\projekatračunarskagrafika\magičnisvijet\magičnisvijet\main.cpp(352): warning C4305: 'argument': truncation from 'double' to 'GLfloat'
c:\users\dt user8\desktop\projekatračunarskagrafika\magičnisvijet\magičnisvijet\main.cpp(353): warning C4305: 'argument': truncation from 'double' to 'GLfloat'
c:\users\dt user8\desktop\projekatračunarskagrafika\magičnisvijet\magičnisvijet\main.cpp(354): warning C4305: 'argument': truncation from 'double' to 'GLfloat'
c:\users\dt user8\desktop\projekatračunarskagrafika\magičnisvijet\magičnisvijet\main.cpp(355): warning C4305: 'argument': truncation from 'double' to 'GLfloat'
c:\users\dt user8\desktop\projekatračunarskagrafika\magičnisvijet\magičnisvijet\main.cpp(357): warning C4305: 'argument': truncation from 'double' to 'GLfloat'
c:\users\dt user8\desktop\projekatračunarskagrafika\magičnisvijet\magičnisvijet\main.cpp(362): warning C4305: 'argument': truncation from 'double' to 'GLfloat'
c:\users\dt user8\desktop\projekatračunarskagrafika\magičnisvijet\magičnisvijet\main.cpp(363): warning C4305: 'argument': truncation from 'double' to 'GLfloat'
c:\users\dt user8\desktop\projekatračunarskagrafika\magičnisvijet\magičnisvijet\main.cpp(364): warning C4305: 'argument': truncation from 'double' to 'GLfloat'
c:\users\dt user8\desktop\projekatračunarskagrafika\magičnisvijet\magičnisvijet\main.cpp(365): warning C4305: 'argument': truncation from 'double' to 'GLfloat'
c:\users\dt user8\desktop\projekatračunarskagrafika\magičnisvijet\magičnisvijet\main.cpp(367): warning C4305: 'argument': truncation from 'double' to 'GLfloat'
c:\users\dt user8\desktop\projekatračunarskagrafika\magičnisvijet\magičnisvijet\main.cpp(372): warning C4305: 'argument': truncation from 'double' to 'GLfloat'
c:\users\dt user8\desktop\projekatračunarskagrafika\magičnisvijet\magičnisvijet\main.cpp(373): warning C4305: 'argument': truncation from 'double' to 'GLfloat'
c:\users\dt user8\desktop\projekatračunarskagrafika\magičnisvijet\magičnisvijet\main.cpp(374): warning C4305: 'argument': truncation from 'double' to 'GLfloat'
c:\users\dt user8\desktop\projekatračunarskagrafika\magičnisvijet\magičnisvijet\main.cpp(375): warning C4305: 'argument': truncation from 'double' to 'GLfloat'
c:\users\dt user8\desktop\projekatračunarskagrafika\magičnisvijet\magičnisvijet\main.cpp(377): warning C4305: 'argument': truncation from 'double' to 'GLfloat'
c:\users\dt user8\desktop\projekatračunarskagrafika\magičnisvijet\magičnisvijet\main.cpp(389): warning C4305: 'argument': truncation from 'double' to 'GLfloat'
c:\users\dt user8\desktop\projekatračunarskagrafika\magičnisvijet\magičnisvijet\main.cpp(390): warning C4305: 'argument': truncation from 'double' to 'GLfloat'
c:\users\dt user8\desktop\projekatračunarskagrafika\magičnisvijet\magičnisvijet\main.cpp(394): warning C4305: 'argument': truncation from 'double' to 'GLfloat'
c:\users\dt user8\desktop\projekatračunarskagrafika\magičnisvijet\magičnisvijet\main.cpp(395): warning C4305: 'argument': truncation from 'double' to 'GLfloat'
c:\users\dt user8\desktop\projekatračunarskagrafika\magičnisvijet\magičnisvijet\main.cpp(396): warning C4305: 'argument': truncation from 'double' to 'GLfloat'
c:\users\dt user8\desktop\projekatračunarskagrafika\magičnisvijet\magičnisvijet\main.cpp(397): warning C4305: 'argument': truncation from 'double' to 'GLfloat'
c:\users\dt user8\desktop\projekatračunarskagrafika\magičnisvijet\magičnisvijet\main.cpp(401): warning C4305: 'argument': truncation from 'double' to 'GLfloat'
c:\users\dt user8\desktop\projekatračunarskagrafika\magičnisvijet\magičnisvijet\main.cpp(402): warning C4305: 'argument': truncation from 'double' to 'float'
c:\users\dt user8\desktop\projekatračunarskagrafika\magičnisvijet\magičnisvijet\main.cpp(403): warning C4305: 'argument': truncation from 'double' to 'float'
c:\users\dt user8\desktop\projekatračunarskagrafika\magičnisvijet\magičnisvijet\main.cpp(404): warning C4305: 'argument': truncation from 'double' to 'float'
c:\users\dt user8\desktop\projekatračunarskagrafika\magičnisvijet\magičnisvijet\main.cpp(405): warning C4305: 'argument': truncation from 'double' to 'float'
c:\users\dt user8\desktop\projekatračunarskagrafika\magičnisvijet\magičnisvijet\main.cpp(411): warning C4305: 'argument': truncation from 'double' to 'GLfloat'
c:\users\dt user8\desktop\projekatračunarskagrafika\magičnisvijet\magičnisvijet\main.cpp(414): warning C4305: 'argument': truncation from 'double' to 'float'
c:\users\dt user8\desktop\projekatračunarskagrafika\magičnisvijet\magičnisvijet\main.cpp(415): warning C4305: 'argument': truncation from 'double' to 'float'
c:\users\dt user8\desktop\projekatračunarskagrafika\magičnisvijet\magičnisvijet\main.cpp(416): warning C4305: 'argument': truncation from 'double' to 'float'
c:\users\dt user8\desktop\projekatračunarskagrafika\magičnisvijet\magičnisvijet\main.cpp(417): warning C4305: 'argument': truncation from 'double' to 'float'
c:\users\dt user8\desktop\projekatračunarskagrafika\magičnisvijet\magičnisvijet\main.cpp(418): warning C4305: 'argument': truncation from 'double' to 'float'
c:\users\dt user8\desktop\projekatračunarskagrafika\magičnisvijet\magičnisvijet\main.cpp(419): warning C4305: 'argument': truncation from 'double' to 'float'
c:\users\dt user8\desktop\projekatračunarskagrafika\magičnisvijet\magičnisvijet\main.cpp(420): warning C4305: 'argument': truncation from 'double' to 'float'
c:\users\dt user8\desktop\projekatračunarskagrafika\magičnisvijet\magičnisvijet\main.cpp(421): warning C4305: 'argument': truncation from 'double' to 'float'
c:\users\dt user8\desktop\projekatračunarskagrafika\magičnisvijet\magičnisvijet\main.cpp(422): warning C4305: 'argument': truncation from 'double' to 'float'
c:\users\dt user8\desktop\projekatračunarskagrafika\magičnisvijet\magičnisvijet\main.cpp(423): warning C4305: 'argument': truncation from 'double' to 'float'
c:\users\dt user8\desktop\projekatračunarskagrafika\magičnisvijet\magičnisvijet\main.cpp(424): warning C4305: 'argument': truncation from 'double' to 'float'
c:\users\dt user8\desktop\projekatračunarskagrafika\magičnisvijet\magičnisvijet\main.cpp(427): warning C4305: 'argument': truncation from 'double' to 'GLfloat'
c:\users\dt user8\desktop\projekatračunarskagrafika\magičnisvijet\magičnisvijet\main.cpp(430): warning C4305: 'argument': truncation from 'double' to 'float'
c:\users\dt user8\desktop\projekatračunarskagrafika\magičnisvijet\magičnisvijet\main.cpp(431): warning C4305: 'argument': truncation from 'double' to 'float'
c:\users\dt user8\desktop\projekatračunarskagrafika\magičnisvijet\magičnisvijet\main.cpp(432): warning C4305: 'argument': truncation from 'double' to 'float'
c:\users\dt user8\desktop\projekatračunarskagrafika\magičnisvijet\magičnisvijet\main.cpp(433): warning C4305: 'argument': truncation from 'double' to 'float'
c:\users\dt user8\desktop\projekatračunarskagrafika\magičnisvijet\magičnisvijet\main.cpp(434): warning C4305: 'argument': truncation from 'double' to 'float'
c:\users\dt user8\desktop\projekatračunarskagrafika\magičnisvijet\magičnisvijet\main.cpp(435): warning C4305: 'argument': truncation from 'double' to 'float'
c:\users\dt user8\desktop\projekatračunarskagrafika\magičnisvijet\magičnisvijet\main.cpp(436): warning C4305: 'argument': truncation from 'double' to 'float'
c:\users\dt user8\desktop\projekatračunarskagrafika\magičnisvijet\magičnisvijet\main.cpp(437): warning C4305: 'argument': truncation from 'double' to 'float'
c:\users\dt user8\desktop\projekatračunarskagrafika\magičnisvijet\magičnisvijet\main.cpp(438): warning C4305: 'argument': truncation from 'double' to 'float'
c:\users\dt user8\desktop\projekatračunarskagrafika\magičnisvijet\magičnisvijet\main.cpp(439): warning C4305: 'argument': truncation from 'double' to 'float'
c:\users\dt user8\desktop\projekatračunarskagrafika\magičnisvijet\magičnisvijet\main.cpp(440): warning C4305: 'argument': truncation from 'double' to 'float'
c:\users\dt user8\desktop\projekatračunarskagrafika\magičnisvijet\magičnisvijet\main.cpp(443): warning C4305: 'argument': truncation from 'double' to 'GLfloat'
c:\users\dt user8\desktop\projekatračunarskagrafika\magičnisvijet\magičnisvijet\main.cpp(446): warning C4305: 'argument': truncation from 'double' to 'float'
c:\users\dt user8\desktop\projekatračunarskagrafika\magičnisvijet\magičnisvijet\main.cpp(447): warning C4305: 'argument': truncation from 'double' to 'float'
c:\users\dt user8\desktop\projekatračunarskagrafika\magičnisvijet\magičnisvijet\main.cpp(448): warning C4305: 'argument': truncation from 'double' to 'float'
c:\users\dt user8\desktop\projekatračunarskagrafika\magičnisvijet\magičnisvijet\main.cpp(449): warning C4305: 'argument': truncation from 'double' to 'float'
c:\users\dt user8\desktop\projekatračunarskagrafika\magičnisvijet\magičnisvijet\main.cpp(450): warning C4305: 'argument': truncation from 'double' to 'float'
c:\users\dt user8\desktop\projekatračunarskagrafika\magičnisvijet\magičnisvijet\main.cpp(451): warning C4305: 'argument': truncation from 'double' to 'float'
c:\users\dt user8\desktop\projekatračunarskagrafika\magičnisvijet\magičnisvijet\main.cpp(452): warning C4305: 'argument': truncation from 'double' to 'float'
c:\users\dt user8\desktop\projekatračunarskagrafika\magičnisvijet\magičnisvijet\main.cpp(453): warning C4305: 'argument': truncation from 'double' to 'float'
c:\users\dt user8\desktop\projekatračunarskagrafika\magičnisvijet\magičnisvijet\main.cpp(454): warning C4305: 'argument': truncation from 'double' to 'float'
c:\users\dt user8\desktop\projekatračunarskagrafika\magičnisvijet\magičnisvijet\main.cpp(455): warning C4305: 'argument': truncation from 'double' to 'float'
c:\users\dt user8\desktop\projekatračunarskagrafika\magičnisvijet\magičnisvijet\main.cpp(456): warning C4305: 'argument': truncation from 'double' to 'float'
c:\users\dt user8\desktop\projekatračunarskagrafika\magičnisvijet\magičnisvijet\main.cpp(466): warning C4305: 'argument': truncation from 'double' to 'GLfloat'
c:\users\dt user8\desktop\projekatračunarskagrafika\magičnisvijet\magičnisvijet\main.cpp(467): warning C4305: 'argument': truncation from 'double' to 'GLfloat'
c:\users\dt user8\desktop\projekatračunarskagrafika\magičnisvijet\magičnisvijet\main.cpp(468): warning C4305: 'argument': truncation from 'double' to 'GLfloat'
c:\users\dt user8\desktop\projekatračunarskagrafika\magičnisvijet\magičnisvijet\main.cpp(469): warning C4305: 'argument': truncation from 'double' to 'GLfloat'
c:\users\dt user8\desktop\projekatračunarskagrafika\magičnisvijet\magičnisvijet\main.cpp(474): warning C4305: 'argument': truncation from 'double' to 'GLfloat'
c:\users\dt user8\desktop\projekatračunarskagrafika\magičnisvijet\magičnisvijet\main.cpp(475): warning C4305: 'argument': truncation from 'double' to 'GLfloat'
c:\users\dt user8\desktop\projekatračunarskagrafika\magičnisvijet\magičnisvijet\main.cpp(476): warning C4305: 'argument': truncation from 'double' to 'GLfloat'
c:\users\dt user8\desktop\projekatračunarskagrafika\magičnisvijet\magičnisvijet\main.cpp(481): warning C4305: 'argument': truncation from 'double' to 'GLfloat'
c:\users\dt user8\desktop\projekatračunarskagrafika\magičnisvijet\magičnisvijet\main.cpp(482): warning C4305: 'argument': truncation from 'double' to 'GLfloat'
c:\users\dt user8\desktop\projekatračunarskagrafika\magičnisvijet\magičnisvijet\main.cpp(483): warning C4305: 'argument': truncation from 'double' to 'GLfloat'
c:\users\dt user8\desktop\projekatračunarskagrafika\magičnisvijet\magičnisvijet\main.cpp(484): warning C4305: 'argument': truncation from 'double' to 'GLfloat'
c:\users\dt user8\desktop\projekatračunarskagrafika\magičnisvijet\magičnisvijet\main.cpp(500): warning C4305: 'argument': truncation from 'double' to 'float'
c:\users\dt user8\desktop\projekatračunarskagrafika\magičnisvijet\magičnisvijet\main.cpp(501): warning C4305: 'argument': truncation from 'double' to 'float'
c:\users\dt user8\desktop\projekatračunarskagrafika\magičnisvijet\magičnisvijet\main.cpp(507): warning C4305: 'argument': truncation from 'double' to 'GLfloat'
c:\users\dt user8\desktop\projekatračunarskagrafika\magičnisvijet\magičnisvijet\main.cpp(508): warning C4305: 'argument': truncation from 'double' to 'GLfloat'
c:\users\dt user8\desktop\projekatračunarskagrafika\magičnisvijet\magičnisvijet\main.cpp(511): warning C4305: 'argument': truncation from 'double' to 'GLfloat'
c:\users\dt user8\desktop\projekatračunarskagrafika\magičnisvijet\magičnisvijet\main.cpp(512): warning C4305: 'argument': truncation from 'double' to 'GLfloat'
c:\users\dt user8\desktop\projekatračunarskagrafika\magičnisvijet\magičnisvijet\main.cpp(520): warning C4305: 'argument': truncation from 'double' to 'GLfloat'
c:\users\dt user8\desktop\projekatračunarskagrafika\magičnisvijet\magičnisvijet\main.cpp(521): warning C4305: 'argument': truncation from 'double' to 'GLfloat'
c:\users\dt user8\desktop\projekatračunarskagrafika\magičnisvijet\magičnisvijet\main.cpp(522): warning C4305: 'argument': truncation from 'double' to 'GLfloat'
c:\users\dt user8\desktop\projekatračunarskagrafika\magičnisvijet\magičnisvijet\main.cpp(524): warning C4305: 'argument': truncation from 'double' to 'GLfloat'
c:\users\dt user8\desktop\projekatračunarskagrafika\magičnisvijet\magičnisvijet\main.cpp(528): warning C4305: 'argument': truncation from 'double' to 'GLfloat'
c:\users\dt user8\desktop\projekatračunarskagrafika\magičnisvijet\magičnisvijet\main.cpp(529): warning C4305: 'argument': truncation from 'double' to 'GLfloat'
c:\users\dt user8\desktop\projekatračunarskagrafika\magičnisvijet\magičnisvijet\main.cpp(531): warning C4305: 'argument': truncation from 'double' to 'GLfloat'
c:\users\dt user8\desktop\projekatračunarskagrafika\magičnisvijet\magičnisvijet\main.cpp(536): warning C4305: 'argument': truncation from 'double' to 'GLfloat'
c:\users\dt user8\desktop\projekatračunarskagrafika\magičnisvijet\magičnisvijet\main.cpp(537): warning C4305: 'argument': truncation from 'double' to 'GLfloat'
c:\users\dt user8\desktop\projekatračunarskagrafika\magičnisvijet\magičnisvijet\main.cpp(538): warning C4305: 'argument': truncation from 'double' to 'GLfloat'
c:\users\dt user8\desktop\projekatračunarskagrafika\magičnisvijet\magičnisvijet\main.cpp(540): warning C4305: 'argument': truncation from 'double' to 'GLfloat'
c:\users\dt user8\desktop\projekatračunarskagrafika\magičnisvijet\magičnisvijet\main.cpp(547): warning C4305: 'argument': truncation from 'double' to 'GLfloat'
c:\users\dt user8\desktop\projekatračunarskagrafika\magičnisvijet\magičnisvijet\main.cpp(548): warning C4305: 'argument': truncation from 'double' to 'GLfloat'
c:\users\dt user8\desktop\projekatračunarskagrafika\magičnisvijet\magičnisvijet\main.cpp(549): warning C4305: 'argument': truncation from 'double' to 'GLfloat'
c:\users\dt user8\desktop\projekatračunarskagrafika\magičnisvijet\magičnisvijet\main.cpp(550): warning C4305: 'argument': truncation from 'double' to 'GLfloat'
c:\users\dt user8\desktop\projekatračunarskagrafika\magičnisvijet\magičnisvijet\main.cpp(551): warning C4305: 'argument': truncation from 'double' to 'GLfloat'
c:\users\dt user8\desktop\projekatračunarskagrafika\magičnisvijet\magičnisvijet\main.cpp(552): warning C4305: 'argument': truncation from 'double' to 'GLfloat'
c:\users\dt user8\desktop\projekatračunarskagrafika\magičnisvijet\magičnisvijet\main.cpp(553): warning C4305: 'argument': truncation from 'double' to 'GLfloat'
c:\users\dt user8\desktop\projekatračunarskagrafika\magičnisvijet\magičnisvijet\main.cpp(554): warning C4305: 'argument': truncation from 'double' to 'GLfloat'
c:\users\dt user8\desktop\projekatračunarskagrafika\magičnisvijet\magičnisvijet\main.cpp(555): warning C4305: 'argument': truncation from 'double' to 'GLfloat'
c:\users\dt user8\desktop\projekatračunarskagrafika\magičnisvijet\magičnisvijet\main.cpp(556): warning C4305: 'argument': truncation from 'double' to 'GLfloat'
c:\users\dt user8\desktop\projekatračunarskagrafika\magičnisvijet\magičnisvijet\main.cpp(557): warning C4305: 'argument': truncation from 'double' to 'GLfloat'
c:\users\dt user8\desktop\projekatračunarskagrafika\magičnisvijet\magičnisvijet\main.cpp(558): warning C4305: 'argument': truncation from 'double' to 'GLfloat'
c:\users\dt user8\desktop\projekatračunarskagrafika\magičnisvijet\magičnisvijet\main.cpp(559): warning C4305: 'argument': truncation from 'double' to 'GLfloat'
c:\users\dt user8\desktop\projekatračunarskagrafika\magičnisvijet\magičnisvijet\main.cpp(560): warning C4305: 'argument': truncation from 'double' to 'GLfloat'
c:\users\dt user8\desktop\projekatračunarskagrafika\magičnisvijet\magičnisvijet\main.cpp(561): warning C4305: 'argument': truncation from 'double' to 'GLfloat'
c:\users\dt user8\desktop\projekatračunarskagrafika\magičnisvijet\magičnisvijet\main.cpp(568): warning C4305: 'argument': truncation from 'double' to 'GLfloat'
c:\users\dt user8\desktop\projekatračunarskagrafika\magičnisvijet\magičnisvijet\main.cpp(569): warning C4305: 'argument': truncation from 'double' to 'GLfloat'
c:\users\dt user8\desktop\projekatračunarskagrafika\magičnisvijet\magičnisvijet\main.cpp(570): warning C4305: 'argument': truncation from 'double' to 'GLfloat'
c:\users\dt user8\desktop\projekatračunarskagrafika\magičnisvijet\magičnisvijet\main.cpp(571): warning C4305: 'argument': truncation from 'double' to 'GLfloat'
c:\users\dt user8\desktop\projekatračunarskagrafika\magičnisvijet\magičnisvijet\main.cpp(572): warning C4305: 'argument': truncation from 'double' to 'GLfloat'
c:\users\dt user8\desktop\projekatračunarskagrafika\magičnisvijet\magičnisvijet\main.cpp(573): warning C4305: 'argument': truncation from 'double' to 'GLfloat'
c:\users\dt user8\desktop\projekatračunarskagrafika\magičnisvijet\magičnisvijet\main.cpp(574): warning C4305: 'argument': truncation from 'double' to 'GLfloat'
c:\users\dt user8\desktop\projekatračunarskagrafika\magičnisvijet\magičnisvijet\main.cpp(576): warning C4305: 'argument': truncation from 'double' to 'GLfloat'
c:\users\dt user8\desktop\projekatračunarskagrafika\magičnisvijet\magičnisvijet\main.cpp(577): warning C4305: 'argument': truncation from 'double' to 'GLfloat'
c:\users\dt user8\desktop\projekatračunarskagrafika\magičnisvijet\magičnisvijet\main.cpp(578): warning C4305: 'argument': truncation from 'double' to 'GLfloat'
c:\users\dt user8\desktop\projekatračunarskagrafika\magičnisvijet\magičnisvijet\main.cpp(579): warning C4305: 'argument': truncation from 'double' to 'GLfloat'
c:\users\dt user8\desktop\projekatračunarskagrafika\magičnisvijet\magičnisvijet\main.cpp(580): warning C4305: 'argument': truncation from 'double' to 'GLfloat'
c:\users\dt user8\desktop\projekatračunarskagrafika\magičnisvijet\magičnisvijet\main.cpp(581): warning C4305: 'argument': truncation from 'double' to 'GLfloat'
c:\users\dt user8\desktop\projekatračunarskagrafika\magičnisvijet\magičnisvijet\main.cpp(582): warning C4305: 'argument': truncation from 'double' to 'GLfloat'
c:\users\dt user8\desktop\projekatračunarskagrafika\magičnisvijet\magičnisvijet\main.cpp(584): warning C4305: 'argument': truncation from 'double' to 'GLfloat'
c:\users\dt user8\desktop\projekatračunarskagrafika\magičnisvijet\magičnisvijet\main.cpp(585): warning C4305: 'argument': truncation from 'double' to 'GLfloat'
c:\users\dt user8\desktop\projekatračunarskagrafika\magičnisvijet\magičnisvijet\main.cpp(586): warning C4305: 'argument': truncation from 'double' to 'GLfloat'
c:\users\dt user8\desktop\projekatračunarskagrafika\magičnisvijet\magičnisvijet\main.cpp(587): warning C4305: 'argument': truncation from 'double' to 'GLfloat'
c:\users\dt user8\desktop\projekatračunarskagrafika\magičnisvijet\magičnisvijet\main.cpp(588): warning C4305: 'argument': truncation from 'double' to 'GLfloat'
c:\users\dt user8\desktop\projekatračunarskagrafika\magičnisvijet\magičnisvijet\main.cpp(589): warning C4305: 'argument': truncation from 'double' to 'GLfloat'
c:\users\dt user8\desktop\projekatračunarskagrafika\magičnisvijet\magičnisvijet\main.cpp(590): warning C4305: 'argument': truncation from 'double' to 'GLfloat'
c:\users\dt user8\desktop\projekatračunarskagrafika\magičnisvijet\magičnisvijet\main.cpp(592): warning C4305: 'argument': truncation from 'double' to 'GLfloat'
c:\users\dt user8\desktop\projekatračunarskagrafika\magičnisvijet\magičnisvijet\main.cpp(593): warning C4305: 'argument': truncation from 'double' to 'GLfloat'
c:\users\dt user8\desktop\projekatračunarskagrafika\magičnisvijet\magičnisvijet\main.cpp(594): warning C4305: 'argument': truncation from 'double' to 'GLfloat'
c:\users\dt user8\desktop\projekatračunarskagrafika\magičnisvijet\magičnisvijet\main.cpp(595): warning C4305: 'argument': truncation from 'double' to 'GLfloat'
c:\users\dt user8\desktop\projekatračunarskagrafika\magičnisvijet\magičnisvijet\main.cpp(596): warning C4305: 'argument': truncation from 'double' to 'GLfloat'
c:\users\dt user8\desktop\projekatračunarskagrafika\magičnisvijet\magičnisvijet\main.cpp(597): warning C4305: 'argument': truncation from 'double' to 'GLfloat'
c:\users\dt user8\desktop\projekatračunarskagrafika\magičnisvijet\magičnisvijet\main.cpp(598): warning C4305: 'argument': truncation from 'double' to 'GLfloat'
c:\users\dt user8\desktop\projekatračunarskagrafika\magičnisvijet\magičnisvijet\main.cpp(600): warning C4305: 'argument': truncation from 'double' to 'GLfloat'
c:\users\dt user8\desktop\projekatračunarskagrafika\magičnisvijet\magičnisvijet\main.cpp(601): warning C4305: 'argument': truncation from 'double' to 'GLfloat'
c:\users\dt user8\desktop\projekatračunarskagrafika\magičnisvijet\magičnisvijet\main.cpp(602): warning C4305: 'argument': truncation from 'double' to 'GLfloat'
c:\users\dt user8\desktop\projekatračunarskagrafika\magičnisvijet\magičnisvijet\main.cpp(603): warning C4305: 'argument': truncation from 'double' to 'GLfloat'
c:\users\dt user8\desktop\projekatračunarskagrafika\magičnisvijet\magičnisvijet\main.cpp(604): warning C4305: 'argument': truncation from 'double' to 'GLfloat'
c:\users\dt user8\desktop\projekatračunarskagrafika\magičnisvijet\magičnisvijet\main.cpp(605): warning C4305: 'argument': truncation from 'double' to 'GLfloat'
c:\users\dt user8\desktop\projekatračunarskagrafika\magičnisvijet\magičnisvijet\main.cpp(606): warning C4305: 'argument': truncation from 'double' to 'GLfloat'
c:\users\dt user8\desktop\projekatračunarskagrafika\magičnisvijet\magičnisvijet\main.cpp(608): warning C4305: 'argument': truncation from 'double' to 'GLfloat'
c:\users\dt user8\desktop\projekatračunarskagrafika\magičnisvijet\magičnisvijet\main.cpp(609): warning C4305: 'argument': truncation from 'double' to 'GLfloat'
c:\users\dt user8\desktop\projekatračunarskagrafika\magičnisvijet\magičnisvijet\main.cpp(610): warning C4305: 'argument': truncation from 'double' to 'GLfloat'
c:\users\dt user8\desktop\projekatračunarskagrafika\magičnisvijet\magičnisvijet\main.cpp(611): warning C4305: 'argument': truncation from 'double' to 'GLfloat'
c:\users\dt user8\desktop\projekatračunarskagrafika\magičnisvijet\magičnisvijet\main.cpp(612): warning C4305: 'argument': truncation from 'double' to 'GLfloat'
c:\users\dt user8\desktop\projekatračunarskagrafika\magičnisvijet\magičnisvijet\main.cpp(613): warning C4305: 'argument': truncation from 'double' to 'GLfloat'
c:\users\dt user8\desktop\projekatračunarskagrafika\magičnisvijet\magičnisvijet\main.cpp(614): warning C4305: 'argument': truncation from 'double' to 'GLfloat'
c:\users\dt user8\desktop\projekatračunarskagrafika\magičnisvijet\magičnisvijet\main.cpp(616): warning C4305: 'argument': truncation from 'double' to 'GLfloat'
c:\users\dt user8\desktop\projekatračunarskagrafika\magičnisvijet\magičnisvijet\main.cpp(617): warning C4305: 'argument': truncation from 'double' to 'GLfloat'
c:\users\dt user8\desktop\projekatračunarskagrafika\magičnisvijet\magičnisvijet\main.cpp(618): warning C4305: 'argument': truncation from 'double' to 'GLfloat'
c:\users\dt user8\desktop\projekatračunarskagrafika\magičnisvijet\magičnisvijet\main.cpp(619): warning C4305: 'argument': truncation from 'double' to 'GLfloat'
c:\users\dt user8\desktop\projekatračunarskagrafika\magičnisvijet\magičnisvijet\main.cpp(620): warning C4305: 'argument': truncation from 'double' to 'GLfloat'
c:\users\dt user8\desktop\projekatračunarskagrafika\magičnisvijet\magičnisvijet\main.cpp(621): warning C4305: 'argument': truncation from 'double' to 'GLfloat'
c:\users\dt user8\desktop\projekatračunarskagrafika\magičnisvijet\magičnisvijet\main.cpp(622): warning C4305: 'argument': truncation from 'double' to 'GLfloat'
c:\users\dt user8\desktop\projekatračunarskagrafika\magičnisvijet\magičnisvijet\main.cpp(624): warning C4305: 'argument': truncation from 'double' to 'GLfloat'
c:\users\dt user8\desktop\projekatračunarskagrafika\magičnisvijet\magičnisvijet\main.cpp(625): warning C4305: 'argument': truncation from 'double' to 'GLfloat'
c:\users\dt user8\desktop\projekatračunarskagrafika\magičnisvijet\magičnisvijet\main.cpp(626): warning C4305: 'argument': truncation from 'double' to 'GLfloat'
c:\users\dt user8\desktop\projekatračunarskagrafika\magičnisvijet\magičnisvijet\main.cpp(627): warning C4305: 'argument': truncation from 'double' to 'GLfloat'
c:\users\dt user8\desktop\projekatračunarskagrafika\magičnisvijet\magičnisvijet\main.cpp(628): warning C4305: 'argument': truncation from 'double' to 'GLfloat'
c:\users\dt user8\desktop\projekatračunarskagrafika\magičnisvijet\magičnisvijet\main.cpp(629): warning C4305: 'argument': truncation from 'double' to 'GLfloat'
c:\users\dt user8\desktop\projekatračunarskagrafika\magičnisvijet\magičnisvijet\main.cpp(630): warning C4305: 'argument': truncation from 'double' to 'GLfloat'
c:\users\dt user8\desktop\projekatračunarskagrafika\magičnisvijet\magičnisvijet\main.cpp(632): warning C4305: 'argument': truncation from 'double' to 'GLfloat'
c:\users\dt user8\desktop\projekatračunarskagrafika\magičnisvijet\magičnisvijet\main.cpp(633): warning C4305: 'argument': truncation from 'double' to 'GLfloat'
c:\users\dt user8\desktop\projekatračunarskagrafika\magičnisvijet\magičnisvijet\main.cpp(634): warning C4305: 'argument': truncation from 'double' to 'GLfloat'
c:\users\dt user8\desktop\projekatračunarskagrafika\magičnisvijet\magičnisvijet\main.cpp(635): warning C4305: 'argument': truncation from 'double' to 'GLfloat'
c:\users\dt user8\desktop\projekatračunarskagrafika\magičnisvijet\magičnisvijet\main.cpp(636): warning C4305: 'argument': truncation from 'double' to 'GLfloat'
c:\users\dt user8\desktop\projekatračunarskagrafika\magičnisvijet\magičnisvijet\main.cpp(637): warning C4305: 'argument': truncation from 'double' to 'GLfloat'
c:\users\dt user8\desktop\projekatračunarskagrafika\magičnisvijet\magičnisvijet\main.cpp(638): warning C4305: 'argument': truncation from 'double' to 'GLfloat'
c:\users\dt user8\desktop\projekatračunarskagrafika\magičnisvijet\magičnisvijet\main.cpp(640): warning C4305: 'argument': truncation from 'double' to 'GLfloat'
c:\users\dt user8\desktop\projekatračunarskagrafika\magičnisvijet\magičnisvijet\main.cpp(641): warning C4305: 'argument': truncation from 'double' to 'GLfloat'
c:\users\dt user8\desktop\projekatračunarskagrafika\magičnisvijet\magičnisvijet\main.cpp(642): warning C4305: 'argument': truncation from 'double' to 'GLfloat'
c:\users\dt user8\desktop\projekatračunarskagrafika\magičnisvijet\magičnisvijet\main.cpp(643): warning C4305: 'argument': truncation from 'double' to 'GLfloat'
c:\users\dt user8\desktop\projekatračunarskagrafika\magičnisvijet\magičnisvijet\main.cpp(644): warning C4305: 'argument': truncation from 'double' to 'GLfloat'
c:\users\dt user8\desktop\projekatračunarskagrafika\magičnisvijet\magičnisvijet\main.cpp(645): warning C4305: 'argument': truncation from 'double' to 'GLfloat'
c:\users\dt user8\desktop\projekatračunarskagrafika\magičnisvijet\magičnisvijet\main.cpp(646): warning C4305: 'argument': truncation from 'double' to 'GLfloat'
c:\users\dt user8\desktop\projekatračunarskagrafika\magičnisvijet\magičnisvijet\main.cpp(648): warning C4305: 'argument': truncation from 'double' to 'GLfloat'
c:\users\dt user8\desktop\projekatračunarskagrafika\magičnisvijet\magičnisvijet\main.cpp(649): warning C4305: 'argument': truncation from 'double' to 'GLfloat'
c:\users\dt user8\desktop\projekatračunarskagrafika\magičnisvijet\magičnisvijet\main.cpp(650): warning C4305: 'argument': truncation from 'double' to 'GLfloat'
c:\users\dt user8\desktop\projekatračunarskagrafika\magičnisvijet\magičnisvijet\main.cpp(651): warning C4305: 'argument': truncation from 'double' to 'GLfloat'
c:\users\dt user8\desktop\projekatračunarskagrafika\magičnisvijet\magičnisvijet\main.cpp(652): warning C4305: 'argument': truncation from 'double' to 'GLfloat'
c:\users\dt user8\desktop\projekatračunarskagrafika\magičnisvijet\magičnisvijet\main.cpp(653): warning C4305: 'argument': truncation from 'double' to 'GLfloat'
c:\users\dt user8\desktop\projekatračunarskagrafika\magičnisvijet\magičnisvijet\main.cpp(654): warning C4305: 'argument': truncation from 'double' to 'GLfloat'
c:\users\dt user8\desktop\projekatračunarskagrafika\magičnisvijet\magičnisvijet\main.cpp(656): warning C4305: 'argument': truncation from 'double' to 'GLfloat'
c:\users\dt user8\desktop\projekatračunarskagrafika\magičnisvijet\magičnisvijet\main.cpp(657): warning C4305: 'argument': truncation from 'double' to 'GLfloat'
c:\users\dt user8\desktop\projekatračunarskagrafika\magičnisvijet\magičnisvijet\main.cpp(658): warning C4305: 'argument': truncation from 'double' to 'GLfloat'
c:\users\dt user8\desktop\projekatračunarskagrafika\magičnisvijet\magičnisvijet\main.cpp(659): warning C4305: 'argument': truncation from 'double' to 'GLfloat'
c:\users\dt user8\desktop\projekatračunarskagrafika\magičnisvijet\magičnisvijet\main.cpp(660): warning C4305: 'argument': truncation from 'double' to 'GLfloat'
c:\users\dt user8\desktop\projekatračunarskagrafika\magičnisvijet\magičnisvijet\main.cpp(661): warning C4305: 'argument': truncation from 'double' to 'GLfloat'
c:\users\dt user8\desktop\projekatračunarskagrafika\magičnisvijet\magičnisvijet\main.cpp(662): warning C4305: 'argument': truncation from 'double' to 'GLfloat'
c:\users\dt user8\desktop\projekatračunarskagrafika\magičnisvijet\magičnisvijet\main.cpp(669): warning C4305: 'argument': truncation from 'double' to 'GLfloat'
c:\users\dt user8\desktop\projekatračunarskagrafika\magičnisvijet\magičnisvijet\main.cpp(671): warning C4305: 'argument': truncation from 'double' to 'GLfloat'
c:\users\dt user8\desktop\projekatračunarskagrafika\magičnisvijet\magičnisvijet\main.cpp(672): warning C4305: 'argument': truncation from 'double' to 'GLfloat'
c:\users\dt user8\desktop\projekatračunarskagrafika\magičnisvijet\magičnisvijet\main.cpp(673): warning C4305: 'argument': truncation from 'double' to 'GLfloat'
c:\users\dt user8\desktop\projekatračunarskagrafika\magičnisvijet\magičnisvijet\main.cpp(674): warning C4305: 'argument': truncation from 'double' to 'GLfloat'
c:\users\dt user8\desktop\projekatračunarskagrafika\magičnisvijet\magičnisvijet\main.cpp(677): warning C4305: 'argument': truncation from 'double' to 'GLfloat'
c:\users\dt user8\desktop\projekatračunarskagrafika\magičnisvijet\magičnisvijet\main.cpp(679): warning C4305: 'argument': truncation from 'double' to 'GLfloat'
c:\users\dt user8\desktop\projekatračunarskagrafika\magičnisvijet\magičnisvijet\main.cpp(680): warning C4305: 'argument': truncation from 'double' to 'GLfloat'
c:\users\dt user8\desktop\projekatračunarskagrafika\magičnisvijet\magičnisvijet\main.cpp(681): warning C4305: 'argument': truncation from 'double' to 'GLfloat'
c:\users\dt user8\desktop\projekatračunarskagrafika\magičnisvijet\magičnisvijet\main.cpp(682): warning C4305: 'argument': truncation from 'double' to 'GLfloat'
c:\users\dt user8\desktop\projekatračunarskagrafika\magičnisvijet\magičnisvijet\main.cpp(685): warning C4305: 'argument': truncation from 'double' to 'GLfloat'
c:\users\dt user8\desktop\projekatračunarskagrafika\magičnisvijet\magičnisvijet\main.cpp(687): warning C4305: 'argument': truncation from 'double' to 'GLfloat'
c:\users\dt user8\desktop\projekatračunarskagrafika\magičnisvijet\magičnisvijet\main.cpp(688): warning C4305: 'argument': truncation from 'double' to 'GLfloat'
c:\users\dt user8\desktop\projekatračunarskagrafika\magičnisvijet\magičnisvijet\main.cpp(690): warning C4305: 'argument': truncation from 'double' to 'GLfloat'
c:\users\dt user8\desktop\projekatračunarskagrafika\magičnisvijet\magičnisvijet\main.cpp(696): warning C4305: 'argument': truncation from 'double' to 'GLfloat'
c:\users\dt user8\desktop\projekatračunarskagrafika\magičnisvijet\magičnisvijet\main.cpp(698): warning C4305: 'argument': truncation from 'double' to 'GLfloat'
c:\users\dt user8\desktop\projekatračunarskagrafika\magičnisvijet\magičnisvijet\main.cpp(699): warning C4305: 'argument': truncation from 'double' to 'GLfloat'
c:\users\dt user8\desktop\projekatračunarskagrafika\magičnisvijet\magičnisvijet\main.cpp(700): warning C4305: 'argument': truncation from 'double' to 'GLfloat'
c:\users\dt user8\desktop\projekatračunarskagrafika\magičnisvijet\magičnisvijet\main.cpp(701): warning C4305: 'argument': truncation from 'double' to 'GLfloat'
c:\users\dt user8\desktop\projekatračunarskagrafika\magičnisvijet\magičnisvijet\main.cpp(704): warning C4305: 'argument': truncation from 'double' to 'GLfloat'
c:\users\dt user8\desktop\projekatračunarskagrafika\magičnisvijet\magičnisvijet\main.cpp(706): warning C4305: 'argument': truncation from 'double' to 'GLfloat'
c:\users\dt user8\desktop\projekatračunarskagrafika\magičnisvijet\magičnisvijet\main.cpp(707): warning C4305: 'argument': truncation from 'double' to 'GLfloat'
c:\users\dt user8\desktop\projekatračunarskagrafika\magičnisvijet\magičnisvijet\main.cpp(708): warning C4305: 'argument': truncation from 'double' to 'GLfloat'
c:\users\dt user8\desktop\projekatračunarskagrafika\magičnisvijet\magičnisvijet\main.cpp(709): warning C4305: 'argument': truncation from 'double' to 'GLfloat'
c:\users\dt user8\desktop\projekatračunarskagrafika\magičnisvijet\magičnisvijet\main.cpp(712): warning C4305: 'argument': truncation from 'double' to 'GLfloat'
c:\users\dt user8\desktop\projekatračunarskagrafika\magičnisvijet\magičnisvijet\main.cpp(714): warning C4305: 'argument': truncation from 'double' to 'GLfloat'
c:\users\dt user8\desktop\projekatračunarskagrafika\magičnisvijet\magičnisvijet\main.cpp(715): warning C4305: 'argument': truncation from 'double' to 'GLfloat'
c:\users\dt user8\desktop\projekatračunarskagrafika\magičnisvijet\magičnisvijet\main.cpp(717): warning C4305: 'argument': truncation from 'double' to 'GLfloat'
c:\users\dt user8\desktop\projekatračunarskagrafika\magičnisvijet\magičnisvijet\main.cpp(790): warning C4244: 'argument': conversion from 'double' to 'GLfloat', possible loss of data
c:\users\dt user8\desktop\projekatračunarskagrafika\magičnisvijet\magičnisvijet\main.cpp(791): warning C4244: 'argument': conversion from 'double' to 'GLfloat', possible loss of data
c:\users\dt user8\desktop\projekatračunarskagrafika\magičnisvijet\magičnisvijet\main.cpp(885): warning C4305: 'argument': truncation from 'double' to 'GLfloat'
c:\users\dt user8\desktop\projekatračunarskagrafika\magičnisvijet\magičnisvijet\main.cpp(887): warning C4018: '<': signed/unsigned mismatch
c:\users\dt user8\desktop\projekatračunarskagrafika\magičnisvijet\magičnisvijet\main.cpp(891): warning C4305: 'argument': truncation from 'double' to 'GLfloat'
c:\users\dt user8\desktop\projekatračunarskagrafika\magičnisvijet\magičnisvijet\main.cpp(893): warning C4018: '<': signed/unsigned mismatch
c:\users\dt user8\desktop\projekatračunarskagrafika\magičnisvijet\magičnisvijet\main.cpp(896): warning C4305: 'argument': truncation from 'double' to 'GLfloat'
c:\users\dt user8\desktop\projekatračunarskagrafika\magičnisvijet\magičnisvijet\main.cpp(898): warning C4018: '<': signed/unsigned mismatch
c:\users\dt user8\desktop\projekatračunarskagrafika\magičnisvijet\magičnisvijet\main.cpp(901): warning C4305: 'argument': truncation from 'double' to 'GLfloat'
c:\users\dt user8\desktop\projekatračunarskagrafika\magičnisvijet\magičnisvijet\main.cpp(903): warning C4018: '<': signed/unsigned mismatch
c:\users\dt user8\desktop\projekatračunarskagrafika\magičnisvijet\magičnisvijet\main.cpp(906): warning C4305: 'argument': truncation from 'double' to 'GLfloat'
c:\users\dt user8\desktop\projekatračunarskagrafika\magičnisvijet\magičnisvijet\main.cpp(908): warning C4018: '<': signed/unsigned mismatch
c:\users\dt user8\desktop\projekatračunarskagrafika\magičnisvijet\magičnisvijet\main.cpp(911): warning C4305: 'argument': truncation from 'double' to 'GLfloat'
c:\users\dt user8\desktop\projekatračunarskagrafika\magičnisvijet\magičnisvijet\main.cpp(913): warning C4018: '<': signed/unsigned mismatch
c:\users\dt user8\desktop\projekatračunarskagrafika\magičnisvijet\magičnisvijet\main.cpp(916): warning C4305: 'argument': truncation from 'double' to 'GLfloat'
c:\users\dt user8\desktop\projekatračunarskagrafika\magičnisvijet\magičnisvijet\main.cpp(918): warning C4018: '<': signed/unsigned mismatch
  MagičniSvijet.vcxproj -> C:\Users\DT User8\Desktop\ProjekatRačunarskaGrafika\MagičniSvijet\Debug\MagičniSvijet.exe
